<?xml version="1.0" encoding="UTF-8"?>
<!-- Generated by org.testng.reporters.JUnitReportReporter -->
<testsuite hostname="MSI" failures="0" tests="1" name="runners.MyTestNGRunner" time="2.774" errors="0" timestamp="2024-10-09T21:55:04 IST" skipped="0">
  <testcase classname="runners.MyTestNGRunner" name="runScenario" time="2.774"/>
</testsuite> <!-- runners.MyTestNGRunner -->
